1 0.4155073848209883
2 0.40605503085412475
3 0.3961052306388554
4 0.3863212913274765
5 0.37787022245557683
6 0.3692469879200584
7 0.36063706325857264
8 0.35205534335814026
9 0.34317793030487864
10 0.3343860828562787
11 0.32237550067274195
12 0.3033809818719563
13 0.2684125041491107
14 0.24133345720015073
15 0.2376270443201065
16 0.23440756413497424
17 0.23166190479931079
18 0.23011621127003118
19 0.22841392810407438
20 0.22691880833161504
21 0.22530882099741384
22 0.22433119110370936
23 0.22302818808116412
24 0.21980691779600947
25 0.21692151262571938
26 0.21693059566773867
27 0.20862489821095215
28 0.2021784162835071
29 0.19771153048465126
30 0.19013048159448723
31 0.18676736362670598
32 0.1825683403171991
33 0.17806895390937202
34 0.17709941809114657
35 0.17447617846099953
36 0.17246031957237343
37 0.1733917637090934
38 0.17008282087351145
39 0.16791563402665288
40 0.16674177623108813
41 0.16639835387468338
42 0.16344342459189265
43 0.162104416050409
44 0.15900796220490807
45 0.15537476716072937
46 0.1541732673190142
47 0.1509439976591813
48 0.14942314279706856
49 0.14695011196952118
50 0.14135231410986498
51 0.13873037088074183
52 0.13380250452380432
53 0.12814505300239512
54 0.12476129300500217
55 0.11970265837092149
56 0.1169595230174692
57 0.11509848837005465
58 0.11282281754048247
59 0.10975205721823793
60 0.10792020453434241
61 0.10504787983862977
62 0.10311542549415638
63 0.10167442595488146
64 0.09986988415843562
65 0.09747887951763053
66 0.09510915157826323
67 0.09470170814740031
68 0.09332419206437312
69 0.09282602801134712
70 0.09146125085259739
71 0.09089742189175204
72 0.08847117502438395
73 0.08781160904388678
74 0.08651753828713768
75 0.08590775296876305
76 0.08565948491818026
77 0.08635579108407623
78 0.0838307565764377
79 0.08233966492116451
80 0.08266560635284374
81 0.0822524451895764
82 0.08194473660305927
83 0.08013190182023927
84 0.07994798570871353
85 0.07915350285015609
86 0.07862281838529989
87 0.0811772703340179
88 0.07850253778068643
89 0.08062328241373364
90 0.07902045351894278
91 0.07620787346049358
92 0.08892658411672241
93 0.07657157502284176
94 0.07525874831174549
95 0.07591306535821211
96 0.07540584002670489
97 0.07585007167960468
98 0.07445700133317396
99 0.07497495206955232
100 0.07468500831409504
101 0.07514185419208125
102 0.07550360909418057
103 0.0727539410520541
104 0.07401154249122269
105 0.07433130298005908
106 0.07156916511686225
107 0.07172757367554464
108 0.07153686077186935
109 0.07097592626355197
110 0.0702025443315506
111 0.06987761843361352
112 0.07055089161976387
113 0.07022518350889809
114 0.0695276916223137
115 0.0692106825544646
116 0.06999629686929677
117 0.07013973740762786
118 0.06937027928468428
119 0.06998937429958269
120 0.06966849916467541
121 0.07121802209631393
122 0.06796368025243282
123 0.06751670060973418
124 0.06804776201514821
125 0.06665827098645662
126 0.06719836984810076
127 0.06909582832534063
128 0.06584016753262595
129 0.06664803692776906
130 0.06640162681670565
131 0.06503225451237277
132 0.0666362514817401
133 0.06506139834068324
134 0.06696030624995106
135 0.06564661880072795
136 0.06457739244950444
137 0.06365448716831834
138 0.06517805139485158
139 0.06740350952666056
140 0.06362394586597618
141 0.07050665056234912
142 0.06475278088136723
143 0.06558956656801074
144 0.06357739904993459
145 0.06474455210723375
146 0.06451394555992201
147 0.06270279558865648
148 0.062464170353977305
149 0.06278716066950246
150 0.06257952994814045
151 0.06624726833481538
152 0.06687022284849693
153 0.06541571148524158
154 0.06125012696965745
155 0.06397359994681258
156 0.062184487910647145
157 0.060669655274403725
158 0.06097788451925704
159 0.06209727651194522
160 0.059539657968439554
161 0.06177712329908421
162 0.06086837814042443
163 0.06646406581919444
164 0.061083757955777016
165 0.059007475642781505
166 0.061089654404081796
167 0.06050383328999344
168 0.05918377265334129
169 0.06051305828517989
170 0.06356701470519367
171 0.058818280696868896
172 0.0589126546524073
173 0.058779473955693995
174 0.06826279479029931
175 0.060340321083602155
176 0.05799029728299693
177 0.058024883662399496
178 0.057527262227315655
179 0.06345302827264133
180 0.06185920183595858
181 0.0630971801124121
182 0.05727904113499742
183 0.06414674575391568
184 0.057274726562594115
185 0.057049041319834556
186 0.05727248580047959
187 0.05962425078216352
188 0.059718637188014234
189 0.05605102712778669
190 0.058284450028287735
191 0.05639338473740377
192 0.05516948599956537
193 0.05782695075398997
194 0.06254294367605134
195 0.05651341525739745
196 0.0559838485756987
197 0.05629410016301431
198 0.05714561545143002
199 0.05519491659575387
200 0.05477317442235194
201 0.0609999779415758
202 0.06261659550823663
203 0.05684032271567144
204 0.05682013909283437
205 0.055477831904825414
206 0.0551790501922369
207 0.055206275986213436
208 0.05438021648871271
209 0.055572757791531716
210 0.055585202515909544
211 0.06029148311599305
212 0.05709070329995532
213 0.054998921720605144
214 0.05384225114003608
215 0.057187853086935844
216 0.056544206350257524
217 0.054069773637150466
218 0.05476378188713601
219 0.05570550547226479
220 0.05478442126983091
221 0.0617749063592208
222 0.05441160656903919
223 0.05429379338104474
224 0.054059173029504325
225 0.05432973106048609
226 0.05805999481756436
227 0.05357146547421029
228 0.0541810148248547
229 0.05264171320748957
230 0.05311743787636882
231 0.053014935631501045
232 0.0543411617216311
233 0.05746680527533356
234 0.05606726880528425
235 0.05231874602797784
236 0.05269621645933703
237 0.05254573865156425
238 0.05339175050980166
239 0.052317448842682336
240 0.053477375326972255
241 0.051650002304660644
242 0.05193022462098222
243 0.05287343420480427
244 0.05245831295063621
245 0.051769309236030826
246 0.05249662824759358
247 0.05125082382246068
248 0.052028272497026545
249 0.052675184744753335
250 0.05217511981333557
251 0.05317935729889493
252 0.052603556823573615
253 0.056533275368182284
254 0.05144431010672921
255 0.05262842911638712
256 0.05290759835196169
257 0.0556168669932767
258 0.05179126737149138
259 0.05067904264126953
260 0.054073503240942955
261 0.05159132006136995
262 0.051568222673315754
263 0.05117268193709223
264 0.050526647779502366
265 0.05212841124126786
266 0.05096952940680479
267 0.05113086016162446
268 0.05093927818693613
269 0.05221578694487873
270 0.06692233750302541
271 0.05379620086597769
272 0.051639142593270855
273 0.05073043762853271
274 0.049474711284825675
275 0.049457409762238204
276 0.050138127744982115
277 0.050394833283989054
278 0.0497332824100005
279 0.04925088751080789
280 0.050163846364931056
281 0.05196429151845606
282 0.06035193820533
283 0.05079461594945506
284 0.04995832415787797
285 0.049304528357951266
286 0.04919264671441756
287 0.05088308492773458
288 0.04896440405986811
289 0.049001867245686684
290 0.057408017351439126
291 0.049125173276192265
292 0.05065129265973443
293 0.05004969572550372
294 0.04871231523391448
295 0.04966528458814872
296 0.048877395493419545
297 0.04917993572981734
298 0.048282953665444724
299 0.050438259777269866
300 0.04899982588463708
301 0.04898066936354888
302 0.04848012886941433
303 0.0479860393036353
304 0.048411900177598
305 0.04820679383058297
306 0.04932045946387868
307 0.04897175856718892
308 0.048552117261447404
309 0.04818518695078398
310 0.0481122017494942
311 0.048797070097766425
312 0.048172544687986374
313 0.048087681202512035
314 0.04808440755464529
315 0.04751023032555455
316 0.04707295682869459
317 0.04717779590895301
318 0.048410972972449506
319 0.04904114945154441
320 0.04709950079651255
321 0.04769760566322427
322 0.04974523784690782
323 0.04694574022371518
324 0.0470984392848454
325 0.04669123907622538
326 0.04769085700574674
327 0.04683928426943327
328 0.049928949067467136
329 0.0499539567451728
330 0.05012224820491515
331 0.050471905520872065
332 0.04630683921277523
333 0.04655907322701655
334 0.046681138147649015
335 0.04611429072132236
336 0.04597083920318829
337 0.046322500529257876
338 0.046369334976924095
339 0.04628201828975426
340 0.046459518078910675
341 0.04757870037696863
342 0.04613546791829561
343 0.046241398508611475
344 0.046406555528703486
345 0.04636057789780592
346 0.048013265685815563
347 0.04598305217529598
348 0.04621677169282185
349 0.050912061019947656
350 0.047123382554242484
351 0.046787265394079056
352 0.04836427606642246
353 0.04593085448600744
354 0.04501196614613658
355 0.04602506197988987
356 0.045931501314044
357 0.04524795093426579
358 0.045595134265328706
359 0.04621458504545061
360 0.046244033171158085
361 0.04561243637611991
362 0.045240948172776324
363 0.04910665525025443
364 0.04587631545176631
365 0.045682593199767564
366 0.04866331531421134
367 0.0452989721180577
368 0.046368803632886785
369 0.044806525699402154
370 0.0448109367372174
371 0.04472590884880016
372 0.044215266053613866
373 0.04491485586684001
374 0.04677740553099858
375 0.04728585187541811
376 0.045796222102485205
377 0.04439803477572767
378 0.04430523073594821
379 0.04512161202728748
380 0.044410202554182
381 0.044314199470375716
382 0.044685627088734976
383 0.04476283294589896
384 0.04493665401088564
385 0.045256357541994044
386 0.043932710333090076
387 0.04388270164398771
388 0.044433002997385826
389 0.04377002014141334
390 0.04398437961935997
391 0.043720801017786325
392 0.04456294769127118
393 0.04400914299644922
394 0.043563976883888245
395 0.04442090305842852
396 0.04418820730949703
397 0.045908847529637184
398 0.04325972791565092
399 0.04417532476547517
400 0.04375239040114378
401 0.04824857021632947
402 0.043130069186812954
403 0.04297094713700445
404 0.04330542742421752
405 0.04553495994523952
406 0.04555014501276769
407 0.043554650031422316
408 0.042935715498108616
409 0.04292527831306583
410 0.044708229209247385
411 0.04521534518387757
412 0.04289980433685215
413 0.042851181014588006
414 0.04322606295739349
415 0.04792755901029235
416 0.04359448563895727
417 0.042669695066778285
418 0.042484093163358536
419 0.04299477321144782
420 0.04756083202205206
421 0.043905392779331455
422 0.042730380928045826
423 0.04318772491655851
424 0.042682839851630364
425 0.04176124062781271
426 0.04320043580312478
427 0.04215492651258644
428 0.04460438507560052
429 0.04412310315590156
430 0.043312623802768555
431 0.04253749667029632
432 0.04166025491921525
433 0.04275243528383343
434 0.04331656329725918
435 0.041847446247151025
436 0.04224806533832299
437 0.04245924106553981
438 0.04167389516767703
439 0.04139698331097239
440 0.04213411635474155
441 0.0443646626448945
442 0.044069122719137294
443 0.04308550549965156
444 0.04187705808956372
445 0.04248184946022535
446 0.04182578299782778
447 0.04250773218901534
448 0.04120413968829732
449 0.041704855271075904
450 0.04233472304124581
451 0.044534492894614995
452 0.042379909440090784
453 0.041244084015488625
454 0.04107279291278437
455 0.04253610301958887
456 0.04203096492902229
457 0.04152422417935572
458 0.041887117941912855
459 0.041681256733442605
460 0.041254643105754725
461 0.041966028609558156
462 0.04097188322951919
463 0.041552682456217314
464 0.04120890364835137
465 0.04106333694959942
466 0.04070326009471165
467 0.046126209493530426
468 0.04245719725364133
469 0.04096166318968723
470 0.04059573591343666
471 0.040610559774856815
472 0.04067218695816241
473 0.041460133794891205
474 0.040753835371058235
475 0.04064043101511503
476 0.04137996348895525
477 0.04037491173336381
478 0.040947783052137025
479 0.040323129708045406
480 0.04073323172174002
481 0.040231059256352876
482 0.04141028637164518
483 0.040032132773807176
484 0.03984208463838226
485 0.040019653149341285
486 0.040205468766783416
487 0.04117608364475401
488 0.039977132783908596
489 0.040095822885632515
490 0.03964080416450375
491 0.0401084310326137
492 0.04039093979487294
493 0.04121425747871399
494 0.04027571058587024
495 0.03978016413748264
496 0.0397804232412263
497 0.04029750020096177
498 0.040709741119491424
499 0.03964330697138058
500 0.03989247183658575
501 0.03942758393915076
502 0.03980379512435511
503 0.03956158302332226
504 0.03992721271750174
505 0.03918517645644514
506 0.039906768520411695
507 0.04008642260573412
508 0.039312398551326046
509 0.04109256616548488
510 0.038933830335736275
511 0.03899158507977661
512 0.03921634909745894
513 0.03894733814032454
514 0.040920377071750794
515 0.039188714795990995
516 0.03887037599557325
517 0.03865709998889973
518 0.04005638902124606
519 0.039977740790498886
520 0.03965008337246744
521 0.039381598955706545
522 0.03900824261731223
523 0.03898310033898605
524 0.0388271610595678
525 0.03912230130088957
526 0.03867201114955701
527 0.038257143019061336
528 0.038902551818050836
529 0.03991748363171753
530 0.048303176403829924
531 0.0392387925990318
532 0.038310826707043145
533 0.03891783599790774
534 0.03838949013305338
535 0.03836199670637909
536 0.04091209163399119
537 0.03916486342878718
538 0.03925263058198126
539 0.039445620912470315
540 0.04024555965473777
541 0.03823752201309329
542 0.039992622442935645
543 0.03832436558839522
544 0.03840455721671644
545 0.03807159405397741
546 0.0381910268609461
547 0.03819177074259833
548 0.03859440286300684
549 0.03842706743039583
550 0.03828351474121997
551 0.0382199689843937
552 0.03816972418051017
553 0.037956911776410904
554 0.039242765719169063
555 0.03772944927607712
556 0.038441927417328485
557 0.03777016424819043
558 0.03801455902621934
559 0.03801168839594251
560 0.037348843424728044
561 0.03951994094409441
562 0.03787381917630371
563 0.03817326658846516
564 0.03758772256735124
565 0.03837290876790097
566 0.03739726670870656
567 0.03751010310493017
568 0.038214296886795444
569 0.03774341225231949
570 0.03859223043055911
571 0.040005665958711974
572 0.04868195813737417
573 0.040779792164501394
574 0.03799645200763878
575 0.03749225759192517
576 0.03827943324454521
577 0.03741838871256301
578 0.0373306424406014
579 0.03776557988634235
580 0.0368123353507958
581 0.038555501322997246
582 0.038188572678911056
583 0.03781405610865668
584 0.03746873983427098
585 0.03684686619396273
586 0.03892087946204763
587 0.037001756068907286
588 0.03692635903625112
589 0.03744442466842501
590 0.03786029671563914
591 0.037700154622526544
592 0.0372146117059808
593 0.03708756773879653
594 0.037780917984874623
595 0.03705209096599566
596 0.03743796300535139
597 0.036381718555563373
598 0.03712344071582744
599 0.03897670955446206
600 0.03647962604698382
601 0.03691467348682253
602 0.03749158851018077
603 0.03901291903304426
604 0.03651939254058035
605 0.036636280582139365
606 0.03627002817627631
607 0.03699224202060386
608 0.03660913203891955
609 0.035756261185988
610 0.03564928761242252
611 0.03741589757172685
612 0.03855765552112931
613 0.036322766571844876
614 0.03695355532200713
615 0.03607584967424995
616 0.036643756259428825
617 0.03639148959988042
618 0.036204073087949505
619 0.03825400103079645
620 0.03716823978251532
621 0.03568979436041493
622 0.035967083647847176
623 0.036059814946431866
624 0.03593826195911357
625 0.03571567802052749
626 0.03611917901588114
627 0.036511421595749105
628 0.03626534793722002
629 0.036769539019779154
630 0.036775097496023305
631 0.03581499131886583
632 0.037232779652664534
633 0.03647335515798707
634 0.0355111327218382
635 0.03559527060899295
636 0.0366697138861606
637 0.03685439005494118
638 0.03558359902940298
639 0.03546699528631411
640 0.03821188853563447
641 0.036092873760744146
642 0.03556503482947224
643 0.03491718983767848
644 0.03528706601967937
645 0.0357138222867721
646 0.03543116598341026
647 0.035899956759653594
648 0.03514723097415347
649 0.039763800407710825
650 0.03555446216150334
651 0.03732337631089123
652 0.03545639345324353
653 0.03537309811891694
654 0.03579948499406639
655 0.03523267300701455
656 0.03697276174237853
657 0.036160685318081004
658 0.035391130337589664
659 0.035574580346675294
660 0.03552212585744105
661 0.03472750339853136
662 0.03605732508003712
663 0.035374883709377365
664 0.03707967473095969
665 0.03528261116068614
666 0.034934546798467636
667 0.035078472065690314
668 0.034492315675475095
669 0.034415457201631444
670 0.03487099633601151
671 0.03584836908665143
672 0.034926236264015496
673 0.0353743579532755
674 0.03535067196935415
675 0.034878839885717945
676 0.036077367877097505
677 0.03566484839508408
678 0.03504473446427207
679 0.036211327257517134
680 0.03560508081787511
681 0.03449766725105675
682 0.03486558035212128
683 0.03567940379051786
684 0.03461203998640964
685 0.03666866340331341
686 0.035318022887957726
687 0.03457673506713227
688 0.034841449882246946
689 0.034890880023962574
690 0.03492340754325453
691 0.034864486783350766
692 0.03554370651315702
693 0.03525141597186264
694 0.03391227077104544
695 0.03451463388965318
696 0.03412326827253166
697 0.03586571261678871
698 0.034935825455345605
699 0.033804363178971564
700 0.034715613987492885
701 0.035137295477876536
702 0.03403275656072717
703 0.03433094830497315
704 0.03401367077113766
705 0.03623589897822393
706 0.03452220961059395
707 0.03418615671168817
708 0.0345002481909959
709 0.03535661503280464
710 0.0345845915573208
711 0.033800192716482436
712 0.03387302469070021
713 0.03699304516378202
714 0.036184931320971565
715 0.035515561552816315
716 0.03485059968538975
717 0.03506611091525931
718 0.03415197511448672
719 0.033361983289451974
720 0.03415980415516778
721 0.03403999489781104
722 0.03541495636301605
723 0.034074817490028705
724 0.03395499862534435
725 0.034545122106608595
726 0.035418577149118245
727 0.03428590209468415
728 0.034798548752932174
729 0.03551687633520678
730 0.034638347790429465
731 0.03546538792158428
732 0.03351083608638299
733 0.03366905710610904
734 0.03385933772905877
735 0.03406448608362361
736 0.033088444143925845
737 0.0330173658010991
738 0.033352679180863654
739 0.033468347287883886
740 0.0338478853043757
741 0.03613017974911552
742 0.03555968663606204
743 0.03352253766436326
744 0.03314602178962607
745 0.03315640088955039
746 0.03295154398993442
747 0.03341547203691382
748 0.033110092639138826
749 0.033957092630627905
750 0.03492699779177967
751 0.03394899772186028
752 0.03271748130454829
753 0.03303783053630277
754 0.03418020105087444
755 0.03649542495412262
756 0.03429459216759393
757 0.033402728210938606
758 0.034780340514292844
759 0.03349861757535683
760 0.03340454821131731
761 0.033099663835999216
762 0.03321149705075904
763 0.03358242101967335
764 0.03340720939204881
765 0.03450535056426337
766 0.03281540002085661
767 0.033774034806380145
768 0.03329516226719869
769 0.03334082942456007
770 0.03259023911270656
771 0.034705043868406824
772 0.03288036114291141
773 0.03239962762515796
774 0.03264205902814865
775 0.032687120727802575
776 0.03275338800525979
777 0.032425835140441596
778 0.03263381035312226
779 0.03259415159884252
780 0.03253113130401624
781 0.033259342963758265
782 0.0364030891245133
783 0.03395598602334136
784 0.0324032938499984
785 0.03271494918551884
786 0.03298627492040396
787 0.03289343857843625
788 0.03428219719544837
789 0.032522887432653656
790 0.03257958497852087
791 0.03242465510572258
792 0.03245761309211191
793 0.03305959490765082
794 0.032079855470280895
795 0.03234181038447117
796 0.032560349638132674
797 0.0321721186567294
798 0.0328856454181828
799 0.032762618196245874
800 0.03278222385989992
801 0.03249257244169712
802 0.03241181618681079
803 0.03224453393762049
804 0.03188789733930638
805 0.032717434346283734
806 0.03343104953436475
807 0.03234522010346776
808 0.03217533946429428
809 0.03251325260651739
810 0.03196334936901143
811 0.03217597462629017
812 0.03346434461050912
813 0.03202824064187313
814 0.03199244187654633
815 0.03308277047778431
816 0.033857071233031
817 0.032710162089451364
818 0.03178871844552065
819 0.03307804582934631
820 0.03201613785993112
821 0.032126764374736105
822 0.031640576100663134
823 0.03237441388007842
824 0.03207643879087348
825 0.032356048345957934
826 0.03208967523747369
827 0.03408331977889726
828 0.03238915877514764
829 0.03155112443001647
830 0.03173725718730375
831 0.03231978980138114
832 0.032389082700798384
833 0.03196400394173045
834 0.03225814129569029
835 0.032112508620086466
836 0.03291759713503875
837 0.033772333917257036
838 0.03279110289325839
839 0.03202930783950969
840 0.034331602583590304
841 0.03125248442551023
842 0.03160209164611603
843 0.032854300384458746
844 0.03151042362380969
845 0.03267335514292905
846 0.03199919543572163
847 0.031251616972057444
848 0.0312735525597083
849 0.03135171076773029
850 0.031231829651484366
851 0.03137807523537623
852 0.032261196082752
853 0.031255900810815786
854 0.032538269989584624
855 0.03195889705890104
856 0.031892948244747366
857 0.031619047599011345
858 0.03177245475940014
859 0.03116123638066806
860 0.03168718639369074
861 0.031483479334335575
862 0.032233290276245066
863 0.032944099977612495
864 0.03348233305702084
865 0.0317414812253494
866 0.03208162022852584
867 0.031316238259406465
868 0.030950752969243024
869 0.03126399616073621
870 0.03189449575974753
871 0.03282963342376446
872 0.032022898624602114
873 0.03153668647926105
874 0.031483266649669724
875 0.03435133564236917
876 0.032477340072785556
877 0.03337204088702014
878 0.03112705096014236
879 0.03261248728162364
880 0.034183424848474954
881 0.03454955025134902
882 0.031014987316570784
883 0.031238750652655176
884 0.03371131371118521
885 0.03227882518580085
886 0.030825966576996603
887 0.030751327150746396
888 0.03171331901103258
889 0.03210682294478542
890 0.031501164316738904
891 0.03249167940138202
892 0.035161197822737064
893 0.031220668779784126
894 0.03154245479718635
895 0.030739448376392062
896 0.03054255801007936
897 0.03355006726556703
898 0.033244617920564976
899 0.032113560622459965
900 0.032086806028689206
901 0.030724278210025085
902 0.03117868789520703
903 0.03137051402346084
904 0.031159865326787297
905 0.03100463409761065
906 0.030837196317550383
907 0.030511434337026196
908 0.030690623839434824
909 0.03212758614436576
910 0.03053371456304663
911 0.03143685953201432
912 0.03277289083129481
913 0.03093292059278802
914 0.03271055888188513
915 0.03069914269604181
916 0.032814261307449716
917 0.031063078608559936
918 0.03032071947267181
919 0.03089042870621932
920 0.030992018892184683
921 0.030634394405703796
922 0.03039059121357767
923 0.035543792439918766
924 0.031548636720368735
925 0.03399167312799316
926 0.03142421427918108
927 0.0315295437743005
928 0.030115725864705286
929 0.030780337456809848
930 0.03051895550207088
931 0.03168600248663049
932 0.030460209536709283
933 0.03054403940117673
934 0.030605549433905827
935 0.03158193591393923
936 0.030539022023348433
937 0.030844425635510368
938 0.03135170145450454
939 0.02993968197781789
940 0.030356705139734243
941 0.03039269154205134
942 0.03140411599490203
943 0.030098304201505686
944 0.030312345951403443
945 0.03048252976058345
946 0.03139314050541112
947 0.03015343340015725
948 0.031243993900716305
949 0.03165228199213743
950 0.029871949582899873
951 0.03124705324635694
952 0.030828626826405525
953 0.02982459148686183
954 0.030226306058466434
955 0.030186861361327925
956 0.030248978175222874
957 0.03117163018568566
958 0.03301395372928757
959 0.030026476438108244
960 0.03005230505215494
961 0.03102070916640131
962 0.03073594493693427
963 0.03152112706907486
964 0.030322832202440815
965 0.03025600451387857
966 0.030296284411298603
967 0.034809546545147896
968 0.033732017992358455
969 0.030389763169774885
970 0.02972822239328372
971 0.03144211219133515
972 0.03015706972464135
973 0.030135712390275377
974 0.02963643589694249
975 0.033033273623962155
976 0.030721974314043398
977 0.033025773487200864
978 0.03005350680139504
979 0.030082081689646368
980 0.03095425836937992
981 0.030564441002513234
982 0.032968611358419844
983 0.03054245110405119
984 0.029721800679046857
985 0.0309486144565438
986 0.029588244169166212
987 0.029631872661411762
988 0.030397321342637663
989 0.031643977388739586
990 0.03057505312914911
991 0.030168161678471063
992 0.029843417241385107
993 0.02997195029533223
994 0.029686278124388895
995 0.03045918973849008
996 0.030122324971384125
997 0.02971430730662848
998 0.03070055453204795
999 0.030226221945332855
1000 0.02951546464311449
1001 0.030421316623687744
1002 0.031877846653132064
1003 0.029391145186596794
1004 0.030275408570703707
1005 0.029742378643468806
1006 0.030607763726852442
1007 0.030272802534072024
1008 0.0295943374206361
1009 0.02907474020397977
1010 0.029862994475192146
1011 0.030828869313393768
1012 0.029869576131826954
1013 0.029116115630849412
1014 0.02922145316475316
1015 0.0308468025667887
1016 0.029823802803692064
1017 0.029470807333525858
1018 0.031665937484879246
1019 0.029579083288186474
1020 0.029993780398447262
1021 0.0299053969057767
1022 0.029574928168011338
1023 0.029394783912912795
1024 0.029803051172118438
1025 0.029939839665434863
1026 0.029287754312941904
1027 0.03057011442356988
1028 0.029438688321725318
1029 0.03045732812269738
1030 0.029048594155986058
1031 0.03029925479112487
1032 0.02925695733804452
1033 0.031099420923151468
1034 0.032416714257315585
1035 0.029920235521307115
1036 0.03280824785561938
1037 0.02927112579345703
1038 0.029748126913450267
1039 0.029533390053793004
1040 0.02945510567607064
1041 0.030042098148872976
1042 0.029348052793035383
1043 0.029280099380565316
1044 0.029184226534868542
1045 0.028747861763756526
1046 0.028882066768250968
1047 0.029534465927434594
1048 0.0292337581907448
1049 0.02904887257241889
1050 0.029816555545518274
1051 0.03012916293779486
1052 0.028950830235293035
1053 0.02870431076735258
1054 0.029303075451599925
1055 0.02952389007336215
1056 0.03051371485190956
1057 0.0322223455694161
1058 0.029003471185110118
1059 0.03142063795147758
1060 0.029638851159497312
1061 0.02922855969518423
1062 0.031064156982067385
1063 0.02889308549071613
1064 0.02914652811657441
1065 0.028873149354599024
1066 0.028916144939629657
1067 0.029554351036878007
1068 0.02944127764356764
1069 0.028469859279300038
1070 0.029688174003048948
1071 0.029273115049459432
1072 0.02862783403773057
1073 0.02964218068671854
1074 0.02883100200836596
1075 0.02958729495539477
1076 0.029530884845084267
1077 0.0309208125660294
1078 0.030140325672140245
1079 0.02873979126544375
1080 0.029198880258359407
1081 0.02931660565694696
1082 0.029032462668654165
1083 0.02990344215772654
1084 0.02949237563696347
1085 0.029880594658224208
1086 0.029312233587628918
1087 0.02921713643560284
1088 0.029226677884396753
1089 0.028422559023295577
1090 0.0289346171837104
1091 0.02900659175295579
1092 0.030030407942831516
1093 0.030065599534856647
1094 0.028868763021340494
1095 0.030951820804100288
1096 0.03137590902808465
1097 0.028787246954284217
1098 0.028479268333237422
1099 0.028687910961085243
1100 0.0286841319971963
1101 0.02899639131991487
1102 0.029350429087093
1103 0.028684155084192753
1104 0.028786968292766495
1105 0.02888182825163791
1106 0.029482225985511354
1107 0.028610784070272195
1108 0.028434822924043004
1109 0.03067923248990586
1110 0.03274470494177781
1111 0.0290474823038829
1112 0.028226869327849465
1113 0.02812344031898599
1114 0.029541886999810998
1115 0.028723687962873987
1116 0.029874786293428195
1117 0.02937727764640984
1118 0.02956040958432775
1119 0.028015052507582464
1120 0.02902630682250387
1121 0.028670604046630233
1122 0.028111791875409454
1123 0.02907763681325473
1124 0.028580070473253727
1125 0.028263602356769536
1126 0.028086155702016856
1127 0.028742057957539435
1128 0.028324658002116178
1129 0.02835820110416726
1130 0.02829060835861846
1131 0.028101945148878975
1132 0.028236235786033303
1133 0.028375536889622088
1134 0.029690479124455077
1135 0.028254022233580287
1136 0.027843013013664045
1137 0.029103133337278115
1138 0.02886916246069105
1139 0.028873647171023645
1140 0.030286895895474834
1141 0.028668163589348917
1142 0.027994461455627492
